<?xml version="1.0" encoding="UTF-8"?>
<!-- Generated by org.testng.reporters.JUnitXMLReporter -->
<testsuite hostname="DESKTOP-8MPHSFA" ignored="0" name="Test" tests="1" failures="1" timestamp="17 Feb 2018 22:11:54 GMT" time="5.347" errors="0">
  <testcase name="addCustomer" time="5.288" classname="com.fm.testcases.AddCustomer">
    <failure type="java.lang.NullPointerException">
      <![CDATA[java.lang.NullPointerException
at com.fm.testcases.AddCustomer.addCustomer(AddCustomer.java:15)
... Removed 25 stack frames]]>
    </failure>
  </testcase> <!-- addCustomer -->
</testsuite> <!-- Test -->
